0 info it worked if it ends with ok
1 verbose cli [ '/Users/kiyonishikawa/.nvm/v0.10.48/bin/node',
1 verbose cli   '/Users/kiyonishikawa/.nvm/v0.10.48/bin/npm',
1 verbose cli   'install',
1 verbose cli   'express' ]
2 info using npm@2.15.1
3 info using node@v0.10.48
4 verbose install initial load of /Users/kiyonishikawa/Projects/jphacks2016/TK_1620/package.json
5 verbose stack Error: Failed to parse json
5 verbose stack Unexpected token 'm' at 10:6
5 verbose stack     "mongodb": "~2.2.11",
5 verbose stack      ^
5 verbose stack     at parseError (/Users/kiyonishikawa/.nvm/v0.10.48/lib/node_modules/npm/node_modules/read-package-json/read-json.js:379:11)
5 verbose stack     at parseJson (/Users/kiyonishikawa/.nvm/v0.10.48/lib/node_modules/npm/node_modules/read-package-json/read-json.js:68:23)
5 verbose stack     at /Users/kiyonishikawa/.nvm/v0.10.48/lib/node_modules/npm/node_modules/read-package-json/read-json.js:48:5
5 verbose stack     at /Users/kiyonishikawa/.nvm/v0.10.48/lib/node_modules/npm/node_modules/graceful-fs/graceful-fs.js:78:16
5 verbose stack     at fs.js:272:14
5 verbose stack     at /Users/kiyonishikawa/.nvm/v0.10.48/lib/node_modules/npm/node_modules/graceful-fs/graceful-fs.js:43:10
5 verbose stack     at Object.oncomplete (fs.js:108:15)
6 verbose cwd /Users/kiyonishikawa/Projects/jphacks2016/TK_1620
7 error Darwin 15.6.0
8 error argv "/Users/kiyonishikawa/.nvm/v0.10.48/bin/node" "/Users/kiyonishikawa/.nvm/v0.10.48/bin/npm" "install" "express"
9 error node v0.10.48
10 error npm  v2.15.1
11 error file /Users/kiyonishikawa/Projects/jphacks2016/TK_1620/package.json
12 error code EJSONPARSE
13 error Failed to parse json
13 error Unexpected token 'm' at 10:6
13 error     "mongodb": "~2.2.11",
13 error      ^
14 error File: /Users/kiyonishikawa/Projects/jphacks2016/TK_1620/package.json
15 error Failed to parse package.json data.
15 error package.json must be actual JSON, not just JavaScript.
15 error
15 error This is not a bug in npm.
15 error Tell the package author to fix their package.json file. JSON.parse
16 verbose exit [ 1, true ]
